# JRE version: Java(TM) SE Runtime Environment (8.0_91-b14) (build 1.8.0_91-b14)
# Java VM: Java HotSpot(TM) Server VM (25.91-b14 mixed mode linux-x86 )
Heap:
 PSYoungGen      total 238080K, used 109402K [0x936c0000, 0xa7000000, 0xa7000000)
  eden space 237824K, 46% used [0x936c0000,0x9a196a10,0xa1f00000)
  from space 256K, 0% used [0xa6fc0000,0xa6fc0000,0xa7000000)
  to   space 256K, 0% used [0xa6f80000,0xa6f80000,0xa6fc0000)
 ParOldGen       total 40960K, used 3342K [0x6c400000, 0x6ec00000, 0x936c0000)
  object space 40960K, 8% used [0x6c400000,0x6c7438a8,0x6ec00000)
 Metaspace       used 9734K, capacity 9943K, committed 10008K, reserved 10544K
GC Heap History (10 events):
Event: 149.661 GC heap before
{Heap before GC invocations=1728 (full 0):
 PSYoungGen      total 150784K, used 150528K [0x936c0000, 0xa7000000, 0xa7000000)
  eden space 150528K, 100% used [0x936c0000,0x9c9c0000,0x9c9c0000)
  from space 256K, 0% used [0xa6f80000,0xa6f80000,0xa6fc0000)
  to   space 256K, 0% used [0xa6fc0000,0xa6fc0000,0xa7000000)
 ParOldGen       total 40960K, used 3338K [0x6c400000, 0x6ec00000, 0x936c0000)
  object space 40960K, 8% used [0x6c400000,0x6c7428a8,0x6ec00000)
 Metaspace       used 9729K, capacity 9943K, committed 10008K, reserved 10544K
Event: 149.662 GC heap after
Heap after GC invocations=1728 (full 0):
 PSYoungGen      total 144128K, used 0K [0x936c0000, 0xa7000000, 0xa7000000)
  eden space 143872K, 0% used [0x936c0000,0x936c0000,0x9c340000)
  from space 256K, 0% used [0xa6fc0000,0xa6fc0000,0xa7000000)
  to   space 256K, 0% used [0xa6f80000,0xa6f80000,0xa6fc0000)
 ParOldGen       total 40960K, used 3338K [0x6c400000, 0x6ec00000, 0x936c0000)
  object space 40960K, 8% used [0x6c400000,0x6c7428a8,0x6ec00000)
 Metaspace       used 9729K, capacity 9943K, committed 10008K, reserved 10544K
}
Event: 149.712 GC heap before
{Heap before GC invocations=1729 (full 0):
 PSYoungGen      total 144128K, used 143872K [0x936c0000, 0xa7000000, 0xa7000000)
  eden space 143872K, 100% used [0x936c0000,0x9c340000,0x9c340000)
  from space 256K, 0% used [0xa6fc0000,0xa6fc0000,0xa7000000)
  to   space 256K, 0% used [0xa6f80000,0xa6f80000,0xa6fc0000)
 ParOldGen       total 40960K, used 3338K [0x6c400000, 0x6ec00000, 0x936c0000)
  object space 40960K, 8% used [0x6c400000,0x6c7428a8,0x6ec00000)
 Metaspace       used 9729K, capacity 9943K, committed 10008K, reserved 10544K
Event: 149.712 GC heap after
Heap after GC invocations=1729 (full 0):
 PSYoungGen      total 173056K, used 0K [0x936c0000, 0xa7000000, 0xa7000000)
  eden space 172800K, 0% used [0x936c0000,0x936c0000,0x9df80000)
  from space 256K, 0% used [0xa6f80000,0xa6f80000,0xa6fc0000)
  to   space 256K, 0% used [0xa6fc0000,0xa6fc0000,0xa7000000)
 ParOldGen       total 40960K, used 3338K [0x6c400000, 0x6ec00000, 0x936c0000)
  object space 40960K, 8% used [0x6c400000,0x6c7428a8,0x6ec00000)
 Metaspace       used 9729K, capacity 9943K, committed 10008K, reserved 10544K
}
Event: 149.773 GC heap before
{Heap before GC invocations=1730 (full 0):
 PSYoungGen      total 173056K, used 172800K [0x936c0000, 0xa7000000, 0xa7000000)
  eden space 172800K, 100% used [0x936c0000,0x9df80000,0x9df80000)
  from space 256K, 0% used [0xa6f80000,0xa6f80000,0xa6fc0000)
  to   space 256K, 0% used [0xa6fc0000,0xa6fc0000,0xa7000000)
 ParOldGen       total 40960K, used 3338K [0x6c400000, 0x6ec00000, 0x936c0000)
  object space 40960K, 8% used [0x6c400000,0x6c7428a8,0x6ec00000)
 Metaspace       used 9729K, capacity 9943K, committed 10008K, reserved 10544K
Event: 149.774 GC heap after
Heap after GC invocations=1730 (full 0):
 PSYoungGen      total 165376K, used 0K [0x936c0000, 0xa7000000, 0xa7000000)
  eden space 165120K, 0% used [0x936c0000,0x936c0000,0x9d800000)
  from space 256K, 0% used [0xa6fc0000,0xa6fc0000,0xa7000000)
  to   space 256K, 0% used [0xa6f80000,0xa6f80000,0xa6fc0000)
 ParOldGen       total 40960K, used 3338K [0x6c400000, 0x6ec00000, 0x936c0000)
  object space 40960K, 8% used [0x6c400000,0x6c7428a8,0x6ec00000)
 Metaspace       used 9729K, capacity 9943K, committed 10008K, reserved 10544K
}
Event: 149.922 GC heap before
{Heap before GC invocations=1731 (full 0):
 PSYoungGen      total 165376K, used 165120K [0x936c0000, 0xa7000000, 0xa7000000)
  eden space 165120K, 100% used [0x936c0000,0x9d800000,0x9d800000)
  from space 256K, 0% used [0xa6fc0000,0xa6fc0000,0xa7000000)
  to   space 256K, 0% used [0xa6f80000,0xa6f80000,0xa6fc0000)
 ParOldGen       total 40960K, used 3338K [0x6c400000, 0x6ec00000, 0x936c0000)
  object space 40960K, 8% used [0x6c400000,0x6c7428a8,0x6ec00000)
 Metaspace       used 9734K, capacity 9943K, committed 10008K, reserved 10544K
Event: 149.927 GC heap after
Heap after GC invocations=1731 (full 0):
 PSYoungGen      total 198400K, used 16K [0x936c0000, 0xa7000000, 0xa7000000)
  eden space 198144K, 0% used [0x936c0000,0x936c0000,0x9f840000)
  from space 256K, 6% used [0xa6f80000,0xa6f84000,0xa6fc0000)
  to   space 256K, 0% used [0xa6fc0000,0xa6fc0000,0xa7000000)
 ParOldGen       total 40960K, used 3338K [0x6c400000, 0x6ec00000, 0x936c0000)
  object space 40960K, 8% used [0x6c400000,0x6c7428a8,0x6ec00000)
 Metaspace       used 9734K, capacity 9943K, committed 10008K, reserved 10544K
}
Event: 150.058 GC heap before
{Heap before GC invocations=1732 (full 0):
 PSYoungGen      total 198400K, used 198160K [0x936c0000, 0xa7000000, 0xa7000000)
  eden space 198144K, 100% used [0x936c0000,0x9f840000,0x9f840000)
  from space 256K, 6% used [0xa6f80000,0xa6f84000,0xa6fc0000)
  to   space 256K, 0% used [0xa6fc0000,0xa6fc0000,0xa7000000)
 ParOldGen       total 40960K, used 3338K [0x6c400000, 0x6ec00000, 0x936c0000)
  object space 40960K, 8% used [0x6c400000,0x6c7428a8,0x6ec00000)
 Metaspace       used 9734K, capacity 9943K, committed 10008K, reserved 10544K
Event: 150.062 GC heap after
Heap after GC invocations=1732 (full 0):
 PSYoungGen      total 238080K, used 0K [0x936c0000, 0xa7000000, 0xa7000000)
  eden space 237824K, 0% used [0x936c0000,0x936c0000,0xa1f00000)
  from space 256K, 0% used [0xa6fc0000,0xa6fc0000,0xa7000000)
  to   space 256K, 0% used [0xa6f80000,0xa6f80000,0xa6fc0000)
 ParOldGen       total 40960K, used 3342K [0x6c400000, 0x6ec00000, 0x936c0000)
  object space 40960K, 8% used [0x6c400000,0x6c7438a8,0x6ec00000)
 Metaspace       used 9734K, capacity 9943K, committed 10008K, reserved 10544K
}

